<?xml version="1.0" encoding="UTF-8"?>
<!-- Generated by org.testng.reporters.JUnitReportReporter -->
<testsuite skipped="0" hostname="LAPTOP-KMUJCLJF" name="com.bunnings.testscripts.SearchBox" tests="8" failures="0" timestamp="03 Apr 2021 12:06:00 GMT" time="35.987" errors="0">
  <testcase name="verifySearchBox" time="0.966" classname="com.bunnings.testscripts.SearchBox"/>
  <testcase name="verifySearchBox" time="0.623" classname="com.bunnings.testscripts.SearchBox"/>
  <testcase name="verifySearchCorrectText" time="8.293" classname="com.bunnings.testscripts.SearchBox"/>
  <testcase name="verifySearchInCorrectText" time="7.376" classname="com.bunnings.testscripts.SearchBox"/>
  <testcase name="verifySearchNoText" time="1.233" classname="com.bunnings.testscripts.SearchBox"/>
  <testcase name="verifySearchNoText" time="1.166" classname="com.bunnings.testscripts.SearchBox"/>
  <testcase name="verifySearchInCorrectText" time="8.985" classname="com.bunnings.testscripts.SearchBox"/>
  <testcase name="verifySearchCorrectText" time="7.345" classname="com.bunnings.testscripts.SearchBox"/>
</testsuite> <!-- com.bunnings.testscripts.SearchBox -->
