<?xml version="1.0" encoding="UTF-8"?>
<!-- Generated by org.testng.reporters.JUnitReportReporter -->
<testsuite skipped="0" hostname="LAPTOP-KMUJCLJF" name="com.bunnings.testscripts.searchbox.SearchNoData" tests="4" failures="0" timestamp="03 Apr 2021 07:54:07 GMT" time="13.992" errors="0">
  <testcase name="verifySearchbox" time="1.032" classname="com.bunnings.testscripts.searchbox.SearchNoData"/>
  <testcase name="verifySearchInCorrectText" time="5.577" classname="com.bunnings.testscripts.searchbox.SearchNoData"/>
  <testcase name="verifySearchCorrectText" time="6.243" classname="com.bunnings.testscripts.searchbox.SearchNoData"/>
  <testcase name="verifySearchNoText" time="1.140" classname="com.bunnings.testscripts.searchbox.SearchNoData"/>
</testsuite> <!-- com.bunnings.testscripts.searchbox.SearchNoData -->
