<?xml version="1.0" encoding="UTF-8"?>
<!-- Generated by org.testng.reporters.JUnitReportReporter -->
<testsuite skipped="0" hostname="LAPTOP-KMUJCLJF" name="NewTest" tests="1" failures="0" timestamp="2021-04-01T21:00:52 AEDT" time="0.014" errors="0">
  <testcase name="f" time="0.014" classname="NewTest"/>
  <system-out/>
</testsuite> <!-- NewTest -->
